Arguments: 
  /home/yasmin/.nvm/versions/node/v8.10.0/bin/node /usr/share/yarn/bin/yarn.js install

PATH: 
  /home/yasmin/.nvm/versions/node/v8.10.0/bin:/usr/local/sbin:/usr/local/bin:/usr/sbin:/usr/bin:/sbin:/bin:/usr/games:/usr/local/games:/snap/bin:/home/yasmin/Android/Sdk/tools:/home/yasmin/Android/Sdk/platform-tools:/home/yasmin/Android/Sdk/tools:/home/yasmin/Android/Sdk/platform-tools:/home/yasmin/Android/Sdk/tools:/home/yasmin/Android/Sdk/platform-tools

Yarn version: 
  1.21.1

Node version: 
  8.10.0

Platform: 
  linux x64

Trace: 
  SyntaxError: /home/yasmin/Área de Trabalho/OSC/OSC-Legal/package.json: Unexpected token } in JSON at position 708
      at JSON.parse (<anonymous>)
      at /usr/share/yarn/lib/cli.js:1625:59
      at Generator.next (<anonymous>)
      at step (/usr/share/yarn/lib/cli.js:310:30)
      at /usr/share/yarn/lib/cli.js:321:13
      at <anonymous>

npm manifest: 
  {
    "name": "osc",
    "version": "0.1.0",
    "private": true,
    "dependencies": {
      "@testing-library/jest-dom": "^4.2.4",
      "@testing-library/react": "^9.3.2",
      "@testing-library/user-event": "^7.1.2",
      "axios": "^0.19.2",
      "i18n-js": "^3.5.1",
      "react": "^16.13.0",
      "react-dom": "^16.13.0",
      "react-router-dom": "^5.1.2",
      "react-scripts": "^3.4.0",
      "react-redux": "^5.0.7",
      "redux": "^4.0.5",
      "styled-components": "^5.0.1"
    },
    "devDependencies": {
      "@babel/core": "^7.7.7",
      "@babel/preset-env": "^7.7.7",
      "babel-core": "7.0.0-bridge.0",
      "eslint": "^5.4.0",
      "eslint-config-airbnb": "^17.1.0",
      "babel-jest": "^24.9.0",
      "eslint": "^6.4.0",
    },
    "scripts": {
      "start": "react-scripts start",
      "build": "react-scripts build",
      "test": "jest",
      "eject": "react-scripts eject",
      "lint": "eslint ."
    },
    "eslintConfig": {
      "globals": {
        "window": true
      }
    },
    "browserslist": {
      "production": [
        ">0.2%",
        "not dead",
        "not op_mini all"
      ],
      "development": [
        "last 1 chrome version",
        "last 1 firefox version",
        "last 1 safari version"
      ]
    }
  }

yarn manifest: 
  No manifest

Lockfile: 
  No lockfile
